<?xml version="1.0" encoding="UTF-8"?>
<!-- Generated by org.testng.reporters.JUnitReportReporter -->
<testsuite hostname="BS413s-MacBook-Pro.local" failures="0" tests="5" name="com.demo.testcases.CurrencyConversionCalculatorPageTest" time="36.264" errors="0" timestamp="2022-03-21T15:56:55 BDT" skipped="0">
  <testcase classname="com.demo.testcases.CurrencyConversionCalculatorPageTest" name="currencyVerifyAccordingToCountry" time="8.156"/>
  <system-out/>
  <testcase classname="com.demo.testcases.CurrencyConversionCalculatorPageTest" name="sellAndBuyFieldVerify" time="2.747"/>
  <system-out/>
  <testcase classname="com.demo.testcases.CurrencyConversionCalculatorPageTest" name="currencyRateUpdateVerifyAccordingToCountry" time="14.104"/>
  <system-out/>
  <testcase classname="com.demo.testcases.CurrencyConversionCalculatorPageTest" name="lossAmountVerification" time="7.134"/>
  <system-out/>
  <testcase classname="com.demo.testcases.CurrencyConversionCalculatorPageTest" name="verifyLogo" time="4.123"/>
  <system-out/>
</testsuite> <!-- com.demo.testcases.CurrencyConversionCalculatorPageTest -->
